2025-02-09 16:00:31,233 - INFO - 开始GNN分析...
2025-02-09 16:00:31,326 - INFO - 选择了 202 个黑名单地址用于训练
2025-02-09 16:00:31,326 - INFO - 准备数据...
2025-02-09 16:00:31,570 - INFO - 创建模型...
2025-02-09 16:00:31,607 - INFO - 开始训练...
2025-02-09 16:00:31,607 - INFO - 开始训练模型，总轮数: 200, 早停耐心值: 20
2025-02-09 16:00:31,661 - INFO - Epoch 010, Loss: 0.4670
2025-02-09 16:00:31,703 - INFO - Epoch 020, Loss: 0.3480
2025-02-09 16:00:31,748 - INFO - Epoch 030, Loss: 0.3523
2025-02-09 16:00:31,789 - INFO - Epoch 040, Loss: 0.3447
2025-02-09 16:00:31,833 - INFO - Epoch 050, Loss: 0.3418
2025-02-09 16:00:31,841 - INFO - Early stopping at epoch 52, best loss: 0.3316
2025-02-09 16:00:31,841 - INFO - 评估模型...
2025-02-09 16:00:31,843 - INFO - 测试集准确率: 0.9113
2025-02-09 16:00:31,843 - INFO - 预测可疑地址...
2025-02-09 16:00:31,843 - INFO - 开始预测可疑地址...
2025-02-09 16:00:31,846 - INFO - 使用阈值: 0.1431
2025-02-09 16:00:31,876 - INFO - 
发现 191 个可疑地址:
2025-02-09 16:00:31,876 - INFO - 
可疑地址详细信息:
2025-02-09 16:00:31,876 - INFO - --------------------------------------------------------------------------------
2025-02-09 16:00:31,876 - INFO - 地址: 0x1c1846EA...
2025-02-09 16:00:31,877 - INFO - 可疑度: 0.6251
2025-02-09 16:00:31,877 - INFO - 入度: 1, 出度: 0
2025-02-09 16:00:31,877 - INFO - 入账总额: 0.01 ETH
2025-02-09 16:00:31,877 - INFO - 出账总额: 0.00 ETH
2025-02-09 16:00:31,877 - INFO - --------------------------------------------------------------------------------
2025-02-09 16:00:31,877 - INFO - 地址: 0xBc0fa2Fb...
2025-02-09 16:00:31,878 - INFO - 可疑度: 0.6216
2025-02-09 16:00:31,878 - INFO - 入度: 1, 出度: 1
2025-02-09 16:00:31,878 - INFO - 入账总额: 0.01 ETH
2025-02-09 16:00:31,878 - INFO - 出账总额: 0.00 ETH
2025-02-09 16:00:31,878 - INFO - --------------------------------------------------------------------------------
2025-02-09 16:00:31,878 - INFO - 地址: 0x8C8D7C46...
2025-02-09 16:00:31,878 - INFO - 可疑度: 0.2267
2025-02-09 16:00:31,878 - INFO - 入度: 1, 出度: 2
2025-02-09 16:00:31,878 - INFO - 入账总额: 85.00 ETH
2025-02-09 16:00:31,878 - INFO - 出账总额: 0.02 ETH
2025-02-09 16:00:31,879 - INFO - --------------------------------------------------------------------------------
2025-02-09 16:00:31,879 - INFO - 地址: 0xDFd5293D...
2025-02-09 16:00:31,879 - INFO - 可疑度: 0.2232
2025-02-09 16:00:31,879 - INFO - 入度: 0, 出度: 7
2025-02-09 16:00:31,879 - INFO - 入账总额: 0.00 ETH
2025-02-09 16:00:31,879 - INFO - 出账总额: 0.17 ETH
2025-02-09 16:00:31,879 - INFO - --------------------------------------------------------------------------------
2025-02-09 16:00:31,880 - INFO - 地址: 0x70e967ac...
2025-02-09 16:00:31,880 - INFO - 可疑度: 0.2229
2025-02-09 16:00:31,880 - INFO - 入度: 0, 出度: 7
2025-02-09 16:00:31,880 - INFO - 入账总额: 0.00 ETH
2025-02-09 16:00:31,880 - INFO - 出账总额: 0.04 ETH
2025-02-09 16:00:31,881 - INFO - --------------------------------------------------------------------------------
2025-02-09 16:00:31,881 - INFO - 地址: 0xF1300cc9...
2025-02-09 16:00:31,881 - INFO - 可疑度: 0.2228
2025-02-09 16:00:31,881 - INFO - 入度: 0, 出度: 7
2025-02-09 16:00:31,882 - INFO - 入账总额: 0.00 ETH
2025-02-09 16:00:31,882 - INFO - 出账总额: 0.00 ETH
2025-02-09 16:00:31,882 - INFO - --------------------------------------------------------------------------------
2025-02-09 16:00:31,882 - INFO - 地址: 0xd2E732dD...
2025-02-09 16:00:31,882 - INFO - 可疑度: 0.2228
2025-02-09 16:00:31,882 - INFO - 入度: 0, 出度: 7
2025-02-09 16:00:31,883 - INFO - 入账总额: 0.00 ETH
2025-02-09 16:00:31,883 - INFO - 出账总额: 0.00 ETH
2025-02-09 16:00:31,883 - INFO - --------------------------------------------------------------------------------
2025-02-09 16:00:31,883 - INFO - 地址: 0xfF8a035e...
2025-02-09 16:00:31,883 - INFO - 可疑度: 0.2228
2025-02-09 16:00:31,883 - INFO - 入度: 0, 出度: 7
2025-02-09 16:00:31,883 - INFO - 入账总额: 0.00 ETH
2025-02-09 16:00:31,884 - INFO - 出账总额: 0.00 ETH
2025-02-09 16:00:31,884 - INFO - --------------------------------------------------------------------------------
2025-02-09 16:00:31,884 - INFO - 地址: 0x28C6c062...
2025-02-09 16:00:31,884 - INFO - 可疑度: 0.2214
2025-02-09 16:00:31,884 - INFO - 入度: 0, 出度: 5
2025-02-09 16:00:31,884 - INFO - 入账总额: 0.00 ETH
2025-02-09 16:00:31,885 - INFO - 出账总额: 3.01 ETH
2025-02-09 16:00:31,885 - INFO - --------------------------------------------------------------------------------
2025-02-09 16:00:31,885 - INFO - 地址: 0xf70da978...
2025-02-09 16:00:31,885 - INFO - 可疑度: 0.2206
2025-02-09 16:00:31,885 - INFO - 入度: 0, 出度: 6
2025-02-09 16:00:31,885 - INFO - 入账总额: 0.00 ETH
2025-02-09 16:00:31,885 - INFO - 出账总额: 0.05 ETH
2025-02-09 16:00:31,885 - INFO - --------------------------------------------------------------------------------
2025-02-09 16:00:31,886 - INFO - 地址: 0xC6fE3Ab0...
2025-02-09 16:00:31,886 - INFO - 可疑度: 0.2165
2025-02-09 16:00:31,886 - INFO - 入度: 0, 出度: 11
2025-02-09 16:00:31,886 - INFO - 入账总额: 0.00 ETH
2025-02-09 16:00:31,886 - INFO - 出账总额: 0.06 ETH
2025-02-09 16:00:31,886 - INFO - --------------------------------------------------------------------------------
2025-02-09 16:00:31,886 - INFO - 地址: 0xb64fb226...
2025-02-09 16:00:31,887 - INFO - 可疑度: 0.2138
2025-02-09 16:00:31,887 - INFO - 入度: 0, 出度: 5
2025-02-09 16:00:31,887 - INFO - 入账总额: 0.00 ETH
2025-02-09 16:00:31,887 - INFO - 出账总额: 0.00 ETH
2025-02-09 16:00:31,887 - INFO - --------------------------------------------------------------------------------
2025-02-09 16:00:31,887 - INFO - 地址: 0xB8FF877e...
2025-02-09 16:00:31,887 - INFO - 可疑度: 0.2138
2025-02-09 16:00:31,887 - INFO - 入度: 0, 出度: 5
2025-02-09 16:00:31,887 - INFO - 入账总额: 0.00 ETH
2025-02-09 16:00:31,888 - INFO - 出账总额: 0.00 ETH
2025-02-09 16:00:31,888 - INFO - --------------------------------------------------------------------------------
2025-02-09 16:00:31,888 - INFO - 地址: 0xf7858Da8...
2025-02-09 16:00:31,888 - INFO - 可疑度: 0.2115
2025-02-09 16:00:31,888 - INFO - 入度: 0, 出度: 13
2025-02-09 16:00:31,888 - INFO - 入账总额: 0.00 ETH
2025-02-09 16:00:31,889 - INFO - 出账总额: 0.90 ETH
2025-02-09 16:00:31,889 - INFO - --------------------------------------------------------------------------------
2025-02-09 16:00:31,889 - INFO - 地址: 0x264bd829...
2025-02-09 16:00:31,889 - INFO - 可疑度: 0.2014
2025-02-09 16:00:31,889 - INFO - 入度: 0, 出度: 4
2025-02-09 16:00:31,889 - INFO - 入账总额: 0.00 ETH
2025-02-09 16:00:31,889 - INFO - 出账总额: 0.60 ETH
2025-02-09 16:00:31,890 - INFO - --------------------------------------------------------------------------------
2025-02-09 16:00:31,890 - INFO - 地址: 0x46340b20...
2025-02-09 16:00:31,890 - INFO - 可疑度: 0.2002
2025-02-09 16:00:31,890 - INFO - 入度: 0, 出度: 4
2025-02-09 16:00:31,890 - INFO - 入账总额: 0.00 ETH
2025-02-09 16:00:31,890 - INFO - 出账总额: 0.41 ETH
2025-02-09 16:00:31,890 - INFO - --------------------------------------------------------------------------------
2025-02-09 16:00:31,890 - INFO - 地址: 0x21a31Ee1...
2025-02-09 16:00:31,892 - INFO - 可疑度: 0.1992
2025-02-09 16:00:31,892 - INFO - 入度: 0, 出度: 4
2025-02-09 16:00:31,892 - INFO - 入账总额: 0.00 ETH
2025-02-09 16:00:31,892 - INFO - 出账总额: 0.31 ETH
2025-02-09 16:00:31,892 - INFO - --------------------------------------------------------------------------------
2025-02-09 16:00:31,892 - INFO - 地址: 0x1C727a55...
2025-02-09 16:00:31,892 - INFO - 可疑度: 0.1963
2025-02-09 16:00:31,892 - INFO - 入度: 0, 出度: 4
2025-02-09 16:00:31,892 - INFO - 入账总额: 0.00 ETH
2025-02-09 16:00:31,893 - INFO - 出账总额: 0.05 ETH
2025-02-09 16:00:31,893 - INFO - --------------------------------------------------------------------------------
2025-02-09 16:00:31,893 - INFO - 地址: 0x0D070796...
2025-02-09 16:00:31,893 - INFO - 可疑度: 0.1958
2025-02-09 16:00:31,893 - INFO - 入度: 0, 出度: 4
2025-02-09 16:00:31,893 - INFO - 入账总额: 0.00 ETH
2025-02-09 16:00:31,893 - INFO - 出账总额: 0.00 ETH
2025-02-09 16:00:31,894 - INFO - --------------------------------------------------------------------------------
2025-02-09 16:00:31,894 - INFO - 地址: 0xAa81a036...
2025-02-09 16:00:31,894 - INFO - 可疑度: 0.1958
2025-02-09 16:00:31,894 - INFO - 入度: 0, 出度: 4
2025-02-09 16:00:31,894 - INFO - 入账总额: 0.00 ETH
2025-02-09 16:00:31,894 - INFO - 出账总额: 0.00 ETH
2025-02-09 16:00:31,894 - INFO - --------------------------------------------------------------------------------
2025-02-09 16:00:31,895 - INFO - 地址: 0xD5231D23...
2025-02-09 16:00:31,895 - INFO - 可疑度: 0.1958
2025-02-09 16:00:31,895 - INFO - 入度: 0, 出度: 4
2025-02-09 16:00:31,895 - INFO - 入账总额: 0.00 ETH
2025-02-09 16:00:31,895 - INFO - 出账总额: 0.00 ETH
2025-02-09 16:00:31,895 - INFO - --------------------------------------------------------------------------------
2025-02-09 16:00:31,895 - INFO - 地址: 0x242f5f8a...
2025-02-09 16:00:31,896 - INFO - 可疑度: 0.1942
2025-02-09 16:00:31,896 - INFO - 入度: 1, 出度: 0
2025-02-09 16:00:31,896 - INFO - 入账总额: 2.00 ETH
2025-02-09 16:00:31,896 - INFO - 出账总额: 0.00 ETH
2025-02-09 16:00:31,896 - INFO - --------------------------------------------------------------------------------
2025-02-09 16:00:31,896 - INFO - 地址: 0xf6F23B0D...
2025-02-09 16:00:31,896 - INFO - 可疑度: 0.1908
2025-02-09 16:00:31,896 - INFO - 入度: 1, 出度: 0
2025-02-09 16:00:31,896 - INFO - 入账总额: 1.01 ETH
2025-02-09 16:00:31,896 - INFO - 出账总额: 0.00 ETH
2025-02-09 16:00:31,897 - INFO - --------------------------------------------------------------------------------
2025-02-09 16:00:31,897 - INFO - 地址: 0xDEC737F6...
2025-02-09 16:00:31,897 - INFO - 可疑度: 0.1902
2025-02-09 16:00:31,897 - INFO - 入度: 1, 出度: 0
2025-02-09 16:00:31,897 - INFO - 入账总额: 0.12 ETH
2025-02-09 16:00:31,897 - INFO - 出账总额: 0.00 ETH
2025-02-09 16:00:31,897 - INFO - --------------------------------------------------------------------------------
2025-02-09 16:00:31,898 - INFO - 地址: 0x2F76946d...
2025-02-09 16:00:31,898 - INFO - 可疑度: 0.1899
2025-02-09 16:00:31,898 - INFO - 入度: 1, 出度: 0
2025-02-09 16:00:31,898 - INFO - 入账总额: 0.05 ETH
2025-02-09 16:00:31,898 - INFO - 出账总额: 0.00 ETH
2025-02-09 16:00:31,898 - INFO - --------------------------------------------------------------------------------
2025-02-09 16:00:31,898 - INFO - 地址: 0xCa14007E...
2025-02-09 16:00:31,898 - INFO - 可疑度: 0.1897
2025-02-09 16:00:31,899 - INFO - 入度: 1, 出度: 0
2025-02-09 16:00:31,899 - INFO - 入账总额: 0.00 ETH
2025-02-09 16:00:31,899 - INFO - 出账总额: 0.00 ETH
2025-02-09 16:00:31,899 - INFO - --------------------------------------------------------------------------------
2025-02-09 16:00:31,899 - INFO - 地址: 0xDe7D8515...
2025-02-09 16:00:31,899 - INFO - 可疑度: 0.1897
2025-02-09 16:00:31,899 - INFO - 入度: 1, 出度: 0
2025-02-09 16:00:31,899 - INFO - 入账总额: 0.00 ETH
2025-02-09 16:00:31,900 - INFO - 出账总额: 0.00 ETH
2025-02-09 16:00:31,900 - INFO - --------------------------------------------------------------------------------
2025-02-09 16:00:31,900 - INFO - 地址: 0x0Ea1d45B...
2025-02-09 16:00:31,900 - INFO - 可疑度: 0.1894
2025-02-09 16:00:31,900 - INFO - 入度: 1, 出度: 0
2025-02-09 16:00:31,900 - INFO - 入账总额: 0.01 ETH
2025-02-09 16:00:31,900 - INFO - 出账总额: 0.00 ETH
2025-02-09 16:00:31,900 - INFO - --------------------------------------------------------------------------------
2025-02-09 16:00:31,902 - INFO - 地址: 0x15cf0798...
2025-02-09 16:00:31,902 - INFO - 可疑度: 0.1894
2025-02-09 16:00:31,902 - INFO - 入度: 1, 出度: 0
2025-02-09 16:00:31,902 - INFO - 入账总额: 0.01 ETH
2025-02-09 16:00:31,902 - INFO - 出账总额: 0.00 ETH
2025-02-09 16:00:31,902 - INFO - --------------------------------------------------------------------------------
2025-02-09 16:00:31,902 - INFO - 地址: 0xa29d867e...
2025-02-09 16:00:31,903 - INFO - 可疑度: 0.1894
2025-02-09 16:00:31,903 - INFO - 入度: 1, 出度: 0
2025-02-09 16:00:31,903 - INFO - 入账总额: 0.01 ETH
2025-02-09 16:00:31,903 - INFO - 出账总额: 0.00 ETH
2025-02-09 16:00:31,903 - INFO - --------------------------------------------------------------------------------
2025-02-09 16:00:31,903 - INFO - 地址: 0x0cBF24BD...
2025-02-09 16:00:31,903 - INFO - 可疑度: 0.1894
2025-02-09 16:00:31,903 - INFO - 入度: 1, 出度: 0
2025-02-09 16:00:31,904 - INFO - 入账总额: 0.01 ETH
2025-02-09 16:00:31,904 - INFO - 出账总额: 0.00 ETH
2025-02-09 16:00:31,904 - INFO - --------------------------------------------------------------------------------
2025-02-09 16:00:31,904 - INFO - 地址: 0x1B23fC26...
2025-02-09 16:00:31,904 - INFO - 可疑度: 0.1894
2025-02-09 16:00:31,904 - INFO - 入度: 1, 出度: 0
2025-02-09 16:00:31,904 - INFO - 入账总额: 0.01 ETH
2025-02-09 16:00:31,904 - INFO - 出账总额: 0.00 ETH
2025-02-09 16:00:31,904 - INFO - --------------------------------------------------------------------------------
2025-02-09 16:00:31,905 - INFO - 地址: 0x9DE4A0b9...
2025-02-09 16:00:31,905 - INFO - 可疑度: 0.1894
2025-02-09 16:00:31,905 - INFO - 入度: 1, 出度: 0
2025-02-09 16:00:31,905 - INFO - 入账总额: 0.01 ETH
2025-02-09 16:00:31,905 - INFO - 出账总额: 0.00 ETH
2025-02-09 16:00:31,905 - INFO - --------------------------------------------------------------------------------
2025-02-09 16:00:31,905 - INFO - 地址: 0xDF67d976...
2025-02-09 16:00:31,905 - INFO - 可疑度: 0.1894
2025-02-09 16:00:31,906 - INFO - 入度: 1, 出度: 0
2025-02-09 16:00:31,906 - INFO - 入账总额: 0.00 ETH
2025-02-09 16:00:31,906 - INFO - 出账总额: 0.00 ETH
2025-02-09 16:00:31,906 - INFO - --------------------------------------------------------------------------------
2025-02-09 16:00:31,906 - INFO - 地址: 0xEF13DcfB...
2025-02-09 16:00:31,906 - INFO - 可疑度: 0.1893
2025-02-09 16:00:31,906 - INFO - 入度: 1, 出度: 0
2025-02-09 16:00:31,907 - INFO - 入账总额: 0.00 ETH
2025-02-09 16:00:31,907 - INFO - 出账总额: 0.00 ETH
2025-02-09 16:00:31,907 - INFO - --------------------------------------------------------------------------------
2025-02-09 16:00:31,907 - INFO - 地址: 0x535Ba341...
2025-02-09 16:00:31,907 - INFO - 可疑度: 0.1893
2025-02-09 16:00:31,907 - INFO - 入度: 1, 出度: 0
2025-02-09 16:00:31,907 - INFO - 入账总额: 0.00 ETH
2025-02-09 16:00:31,908 - INFO - 出账总额: 0.00 ETH
2025-02-09 16:00:31,908 - INFO - --------------------------------------------------------------------------------
2025-02-09 16:00:31,908 - INFO - 地址: 0xe3C7A476...
2025-02-09 16:00:31,908 - INFO - 可疑度: 0.1893
2025-02-09 16:00:31,908 - INFO - 入度: 1, 出度: 0
2025-02-09 16:00:31,908 - INFO - 入账总额: 0.00 ETH
2025-02-09 16:00:31,908 - INFO - 出账总额: 0.00 ETH
2025-02-09 16:00:31,909 - INFO - --------------------------------------------------------------------------------
2025-02-09 16:00:31,909 - INFO - 地址: 0xeEF2A492...
2025-02-09 16:00:31,909 - INFO - 可疑度: 0.1893
2025-02-09 16:00:31,909 - INFO - 入度: 1, 出度: 0
2025-02-09 16:00:31,909 - INFO - 入账总额: 0.00 ETH
2025-02-09 16:00:31,909 - INFO - 出账总额: 0.00 ETH
2025-02-09 16:00:31,909 - INFO - --------------------------------------------------------------------------------
2025-02-09 16:00:31,910 - INFO - 地址: 0x309e2835...
2025-02-09 16:00:31,910 - INFO - 可疑度: 0.1893
2025-02-09 16:00:31,910 - INFO - 入度: 1, 出度: 0
2025-02-09 16:00:31,910 - INFO - 入账总额: 0.00 ETH
2025-02-09 16:00:31,910 - INFO - 出账总额: 0.00 ETH
2025-02-09 16:00:31,910 - INFO - --------------------------------------------------------------------------------
2025-02-09 16:00:31,910 - INFO - 地址: 0x0e236378...
2025-02-09 16:00:31,911 - INFO - 可疑度: 0.1893
2025-02-09 16:00:31,911 - INFO - 入度: 1, 出度: 0
2025-02-09 16:00:31,911 - INFO - 入账总额: 0.00 ETH
2025-02-09 16:00:31,911 - INFO - 出账总额: 0.00 ETH
2025-02-09 16:00:31,911 - INFO - --------------------------------------------------------------------------------
2025-02-09 16:00:31,911 - INFO - 地址: 0x727bcC95...
2025-02-09 16:00:31,911 - INFO - 可疑度: 0.1893
2025-02-09 16:00:31,911 - INFO - 入度: 1, 出度: 0
2025-02-09 16:00:31,912 - INFO - 入账总额: 0.00 ETH
2025-02-09 16:00:31,912 - INFO - 出账总额: 0.00 ETH
2025-02-09 16:00:31,912 - INFO - --------------------------------------------------------------------------------
2025-02-09 16:00:31,912 - INFO - 地址: 0x295dA5d4...
2025-02-09 16:00:31,912 - INFO - 可疑度: 0.1893
2025-02-09 16:00:31,912 - INFO - 入度: 1, 出度: 0
2025-02-09 16:00:31,912 - INFO - 入账总额: 0.00 ETH
2025-02-09 16:00:31,912 - INFO - 出账总额: 0.00 ETH
2025-02-09 16:00:31,913 - INFO - --------------------------------------------------------------------------------
2025-02-09 16:00:31,913 - INFO - 地址: 0x8971f9fd...
2025-02-09 16:00:31,913 - INFO - 可疑度: 0.1893
2025-02-09 16:00:31,913 - INFO - 入度: 1, 出度: 0
2025-02-09 16:00:31,913 - INFO - 入账总额: 0.00 ETH
2025-02-09 16:00:31,913 - INFO - 出账总额: 0.00 ETH
2025-02-09 16:00:31,913 - INFO - --------------------------------------------------------------------------------
2025-02-09 16:00:31,913 - INFO - 地址: 0xA9B1Eb59...
2025-02-09 16:00:31,914 - INFO - 可疑度: 0.1893
2025-02-09 16:00:31,914 - INFO - 入度: 1, 出度: 0
2025-02-09 16:00:31,914 - INFO - 入账总额: 0.00 ETH
2025-02-09 16:00:31,914 - INFO - 出账总额: 0.00 ETH
2025-02-09 16:00:31,914 - INFO - --------------------------------------------------------------------------------
2025-02-09 16:00:31,914 - INFO - 地址: 0xF411903c...
2025-02-09 16:00:31,914 - INFO - 可疑度: 0.1893
2025-02-09 16:00:31,914 - INFO - 入度: 1, 出度: 0
2025-02-09 16:00:31,915 - INFO - 入账总额: 0.00 ETH
2025-02-09 16:00:31,915 - INFO - 出账总额: 0.00 ETH
2025-02-09 16:00:31,915 - INFO - --------------------------------------------------------------------------------
2025-02-09 16:00:31,915 - INFO - 地址: 0xA2b4C0Af...
2025-02-09 16:00:31,915 - INFO - 可疑度: 0.1893
2025-02-09 16:00:31,915 - INFO - 入度: 1, 出度: 0
2025-02-09 16:00:31,916 - INFO - 入账总额: 0.00 ETH
2025-02-09 16:00:31,916 - INFO - 出账总额: 0.00 ETH
2025-02-09 16:00:31,916 - INFO - --------------------------------------------------------------------------------
2025-02-09 16:00:31,916 - INFO - 地址: 0xec53bF91...
2025-02-09 16:00:31,916 - INFO - 可疑度: 0.1893
2025-02-09 16:00:31,916 - INFO - 入度: 1, 出度: 0
2025-02-09 16:00:31,916 - INFO - 入账总额: 0.00 ETH
2025-02-09 16:00:31,917 - INFO - 出账总额: 0.00 ETH
2025-02-09 16:00:31,917 - INFO - --------------------------------------------------------------------------------
2025-02-09 16:00:31,917 - INFO - 地址: 0x1F57da73...
2025-02-09 16:00:31,917 - INFO - 可疑度: 0.1893
2025-02-09 16:00:31,917 - INFO - 入度: 1, 出度: 0
2025-02-09 16:00:31,917 - INFO - 入账总额: 0.00 ETH
2025-02-09 16:00:31,917 - INFO - 出账总额: 0.00 ETH
2025-02-09 16:00:31,918 - INFO - --------------------------------------------------------------------------------
2025-02-09 16:00:31,918 - INFO - 地址: 0xDcb23a13...
2025-02-09 16:00:31,918 - INFO - 可疑度: 0.1870
2025-02-09 16:00:31,918 - INFO - 入度: 1, 出度: 0
2025-02-09 16:00:31,918 - INFO - 入账总额: 0.04 ETH
2025-02-09 16:00:31,918 - INFO - 出账总额: 0.00 ETH
2025-02-09 16:00:31,919 - INFO - --------------------------------------------------------------------------------
2025-02-09 16:00:31,919 - INFO - 地址: 0xf641d067...
2025-02-09 16:00:31,919 - INFO - 可疑度: 0.1869
2025-02-09 16:00:31,919 - INFO - 入度: 1, 出度: 0
2025-02-09 16:00:31,919 - INFO - 入账总额: 0.01 ETH
2025-02-09 16:00:31,919 - INFO - 出账总额: 0.00 ETH
2025-02-09 16:00:31,920 - INFO - --------------------------------------------------------------------------------
2025-02-09 16:00:31,920 - INFO - 地址: 0x22f41cd8...
2025-02-09 16:00:31,920 - INFO - 可疑度: 0.1869
2025-02-09 16:00:31,920 - INFO - 入度: 1, 出度: 0
2025-02-09 16:00:31,920 - INFO - 入账总额: 0.00 ETH
2025-02-09 16:00:31,920 - INFO - 出账总额: 0.00 ETH
2025-02-09 16:00:31,920 - INFO - --------------------------------------------------------------------------------
2025-02-09 16:00:31,920 - INFO - 地址: 0x822ba949...
2025-02-09 16:00:31,921 - INFO - 可疑度: 0.1869
2025-02-09 16:00:31,921 - INFO - 入度: 1, 出度: 0
2025-02-09 16:00:31,921 - INFO - 入账总额: 0.00 ETH
2025-02-09 16:00:31,921 - INFO - 出账总额: 0.00 ETH
2025-02-09 16:00:31,921 - INFO - --------------------------------------------------------------------------------
2025-02-09 16:00:31,921 - INFO - 地址: 0x9f40f427...
2025-02-09 16:00:31,921 - INFO - 可疑度: 0.1869
2025-02-09 16:00:31,922 - INFO - 入度: 1, 出度: 0
2025-02-09 16:00:31,922 - INFO - 入账总额: 0.00 ETH
2025-02-09 16:00:31,922 - INFO - 出账总额: 0.00 ETH
2025-02-09 16:00:31,922 - INFO - --------------------------------------------------------------------------------
2025-02-09 16:00:31,922 - INFO - 地址: 0x10b3bc6a...
2025-02-09 16:00:31,922 - INFO - 可疑度: 0.1869
2025-02-09 16:00:31,922 - INFO - 入度: 1, 出度: 0
2025-02-09 16:00:31,922 - INFO - 入账总额: 0.00 ETH
2025-02-09 16:00:31,923 - INFO - 出账总额: 0.00 ETH
2025-02-09 16:00:31,923 - INFO - --------------------------------------------------------------------------------
2025-02-09 16:00:31,923 - INFO - 地址: 0x0654874e...
2025-02-09 16:00:31,923 - INFO - 可疑度: 0.1841
2025-02-09 16:00:31,923 - INFO - 入度: 1, 出度: 0
2025-02-09 16:00:31,923 - INFO - 入账总额: 0.46 ETH
2025-02-09 16:00:31,923 - INFO - 出账总额: 0.00 ETH
2025-02-09 16:00:31,923 - INFO - --------------------------------------------------------------------------------
2025-02-09 16:00:31,924 - INFO - 地址: 0x9FF94FED...
2025-02-09 16:00:31,924 - INFO - 可疑度: 0.1835
2025-02-09 16:00:31,924 - INFO - 入度: 1, 出度: 0
2025-02-09 16:00:31,924 - INFO - 入账总额: 0.01 ETH
2025-02-09 16:00:31,924 - INFO - 出账总额: 0.00 ETH
2025-02-09 16:00:31,924 - INFO - --------------------------------------------------------------------------------
2025-02-09 16:00:31,924 - INFO - 地址: 0x42C38594...
2025-02-09 16:00:31,924 - INFO - 可疑度: 0.1835
2025-02-09 16:00:31,925 - INFO - 入度: 1, 出度: 0
2025-02-09 16:00:31,925 - INFO - 入账总额: 0.01 ETH
2025-02-09 16:00:31,925 - INFO - 出账总额: 0.00 ETH
2025-02-09 16:00:31,925 - INFO - --------------------------------------------------------------------------------
2025-02-09 16:00:31,925 - INFO - 地址: 0x8fd149c4...
2025-02-09 16:00:31,925 - INFO - 可疑度: 0.1835
2025-02-09 16:00:31,925 - INFO - 入度: 1, 出度: 0
2025-02-09 16:00:31,926 - INFO - 入账总额: 0.01 ETH
2025-02-09 16:00:31,926 - INFO - 出账总额: 0.00 ETH
2025-02-09 16:00:31,926 - INFO - --------------------------------------------------------------------------------
2025-02-09 16:00:31,926 - INFO - 地址: 0x93e8E82E...
2025-02-09 16:00:31,926 - INFO - 可疑度: 0.1835
2025-02-09 16:00:31,926 - INFO - 入度: 1, 出度: 0
2025-02-09 16:00:31,926 - INFO - 入账总额: 0.01 ETH
2025-02-09 16:00:31,926 - INFO - 出账总额: 0.00 ETH
2025-02-09 16:00:31,927 - INFO - --------------------------------------------------------------------------------
2025-02-09 16:00:31,927 - INFO - 地址: 0xa47df216...
2025-02-09 16:00:31,927 - INFO - 可疑度: 0.1835
2025-02-09 16:00:31,927 - INFO - 入度: 1, 出度: 0
2025-02-09 16:00:31,927 - INFO - 入账总额: 0.01 ETH
2025-02-09 16:00:31,927 - INFO - 出账总额: 0.00 ETH
2025-02-09 16:00:31,927 - INFO - --------------------------------------------------------------------------------
2025-02-09 16:00:31,928 - INFO - 地址: 0x934148dE...
2025-02-09 16:00:31,928 - INFO - 可疑度: 0.1835
2025-02-09 16:00:31,928 - INFO - 入度: 1, 出度: 0
2025-02-09 16:00:31,928 - INFO - 入账总额: 0.01 ETH
2025-02-09 16:00:31,928 - INFO - 出账总额: 0.00 ETH
2025-02-09 16:00:31,928 - INFO - --------------------------------------------------------------------------------
2025-02-09 16:00:31,928 - INFO - 地址: 0xD984C16C...
2025-02-09 16:00:31,928 - INFO - 可疑度: 0.1835
2025-02-09 16:00:31,929 - INFO - 入度: 1, 出度: 0
2025-02-09 16:00:31,929 - INFO - 入账总额: 0.01 ETH
2025-02-09 16:00:31,929 - INFO - 出账总额: 0.00 ETH
2025-02-09 16:00:31,929 - INFO - --------------------------------------------------------------------------------
2025-02-09 16:00:31,929 - INFO - 地址: 0xFDd19416...
2025-02-09 16:00:31,929 - INFO - 可疑度: 0.1835
2025-02-09 16:00:31,929 - INFO - 入度: 1, 出度: 0
2025-02-09 16:00:31,929 - INFO - 入账总额: 0.01 ETH
2025-02-09 16:00:31,930 - INFO - 出账总额: 0.00 ETH
2025-02-09 16:00:31,930 - INFO - --------------------------------------------------------------------------------
2025-02-09 16:00:31,930 - INFO - 地址: 0x6f8be68A...
2025-02-09 16:00:31,930 - INFO - 可疑度: 0.1835
2025-02-09 16:00:31,930 - INFO - 入度: 1, 出度: 0
2025-02-09 16:00:31,930 - INFO - 入账总额: 0.01 ETH
2025-02-09 16:00:31,930 - INFO - 出账总额: 0.00 ETH
2025-02-09 16:00:31,930 - INFO - --------------------------------------------------------------------------------
2025-02-09 16:00:31,931 - INFO - 地址: 0x05BBD72d...
2025-02-09 16:00:31,931 - INFO - 可疑度: 0.1835
2025-02-09 16:00:31,931 - INFO - 入度: 1, 出度: 0
2025-02-09 16:00:31,931 - INFO - 入账总额: 0.01 ETH
2025-02-09 16:00:31,931 - INFO - 出账总额: 0.00 ETH
2025-02-09 16:00:31,931 - INFO - --------------------------------------------------------------------------------
2025-02-09 16:00:31,931 - INFO - 地址: 0x05484929...
2025-02-09 16:00:31,931 - INFO - 可疑度: 0.1835
2025-02-09 16:00:31,931 - INFO - 入度: 1, 出度: 0
2025-02-09 16:00:31,931 - INFO - 入账总额: 0.01 ETH
2025-02-09 16:00:31,933 - INFO - 出账总额: 0.00 ETH
2025-02-09 16:00:31,933 - INFO - --------------------------------------------------------------------------------
2025-02-09 16:00:31,933 - INFO - 地址: 0xfFEE0878...
2025-02-09 16:00:31,933 - INFO - 可疑度: 0.1814
2025-02-09 16:00:31,933 - INFO - 入度: 1, 出度: 0
2025-02-09 16:00:31,933 - INFO - 入账总额: 0.02 ETH
2025-02-09 16:00:31,934 - INFO - 出账总额: 0.00 ETH
2025-02-09 16:00:31,934 - INFO - --------------------------------------------------------------------------------
2025-02-09 16:00:31,934 - INFO - 地址: 0x9361F276...
2025-02-09 16:00:31,934 - INFO - 可疑度: 0.1813
2025-02-09 16:00:31,934 - INFO - 入度: 1, 出度: 0
2025-02-09 16:00:31,934 - INFO - 入账总额: 0.01 ETH
2025-02-09 16:00:31,934 - INFO - 出账总额: 0.00 ETH
2025-02-09 16:00:31,935 - INFO - --------------------------------------------------------------------------------
2025-02-09 16:00:31,935 - INFO - 地址: 0xC6093Fd9...
2025-02-09 16:00:31,936 - INFO - 可疑度: 0.1812
2025-02-09 16:00:31,936 - INFO - 入度: 1, 出度: 0
2025-02-09 16:00:31,936 - INFO - 入账总额: 0.00 ETH
2025-02-09 16:00:31,936 - INFO - 出账总额: 0.00 ETH
2025-02-09 16:00:31,936 - INFO - --------------------------------------------------------------------------------
2025-02-09 16:00:31,937 - INFO - 地址: 0xA7671AAC...
2025-02-09 16:00:31,937 - INFO - 可疑度: 0.1812
2025-02-09 16:00:31,937 - INFO - 入度: 1, 出度: 0
2025-02-09 16:00:31,937 - INFO - 入账总额: 0.00 ETH
2025-02-09 16:00:31,937 - INFO - 出账总额: 0.00 ETH
2025-02-09 16:00:31,937 - INFO - --------------------------------------------------------------------------------
2025-02-09 16:00:31,937 - INFO - 地址: 0xab97925e...
2025-02-09 16:00:31,937 - INFO - 可疑度: 0.1806
2025-02-09 16:00:31,937 - INFO - 入度: 0, 出度: 20
2025-02-09 16:00:31,938 - INFO - 入账总额: 0.00 ETH
2025-02-09 16:00:31,938 - INFO - 出账总额: 0.85 ETH
2025-02-09 16:00:31,938 - INFO - --------------------------------------------------------------------------------
2025-02-09 16:00:31,938 - INFO - 地址: 0x01860154...
2025-02-09 16:00:31,938 - INFO - 可疑度: 0.1790
2025-02-09 16:00:31,938 - INFO - 入度: 1, 出度: 0
2025-02-09 16:00:31,938 - INFO - 入账总额: 0.32 ETH
2025-02-09 16:00:31,938 - INFO - 出账总额: 0.00 ETH
2025-02-09 16:00:31,938 - INFO - --------------------------------------------------------------------------------
2025-02-09 16:00:31,939 - INFO - 地址: 0xB5Bc2fCe...
2025-02-09 16:00:31,939 - INFO - 可疑度: 0.1787
2025-02-09 16:00:31,939 - INFO - 入度: 1, 出度: 0
2025-02-09 16:00:31,939 - INFO - 入账总额: 0.21 ETH
2025-02-09 16:00:31,939 - INFO - 出账总额: 0.00 ETH
2025-02-09 16:00:31,939 - INFO - --------------------------------------------------------------------------------
2025-02-09 16:00:31,939 - INFO - 地址: 0x6000b2Ef...
2025-02-09 16:00:31,939 - INFO - 可疑度: 0.1786
2025-02-09 16:00:31,940 - INFO - 入度: 1, 出度: 0
2025-02-09 16:00:31,940 - INFO - 入账总额: 0.17 ETH
2025-02-09 16:00:31,940 - INFO - 出账总额: 0.00 ETH
2025-02-09 16:00:31,940 - INFO - --------------------------------------------------------------------------------
2025-02-09 16:00:31,940 - INFO - 地址: 0xb64E3974...
2025-02-09 16:00:31,940 - INFO - 可疑度: 0.1783
2025-02-09 16:00:31,940 - INFO - 入度: 1, 出度: 0
2025-02-09 16:00:31,940 - INFO - 入账总额: 0.04 ETH
2025-02-09 16:00:31,940 - INFO - 出账总额: 0.00 ETH
2025-02-09 16:00:31,941 - INFO - --------------------------------------------------------------------------------
2025-02-09 16:00:31,941 - INFO - 地址: 0x5b6a8686...
2025-02-09 16:00:31,941 - INFO - 可疑度: 0.1783
2025-02-09 16:00:31,941 - INFO - 入度: 1, 出度: 0
2025-02-09 16:00:31,941 - INFO - 入账总额: 0.03 ETH
2025-02-09 16:00:31,941 - INFO - 出账总额: 0.00 ETH
2025-02-09 16:00:31,941 - INFO - --------------------------------------------------------------------------------
2025-02-09 16:00:31,942 - INFO - 地址: 0x8970C590...
2025-02-09 16:00:31,942 - INFO - 可疑度: 0.1783
2025-02-09 16:00:31,942 - INFO - 入度: 1, 出度: 0
2025-02-09 16:00:31,942 - INFO - 入账总额: 0.03 ETH
2025-02-09 16:00:31,942 - INFO - 出账总额: 0.00 ETH
2025-02-09 16:00:31,942 - INFO - --------------------------------------------------------------------------------
2025-02-09 16:00:31,942 - INFO - 地址: 0x0CAcd0ad...
2025-02-09 16:00:31,942 - INFO - 可疑度: 0.1783
2025-02-09 16:00:31,942 - INFO - 入度: 1, 出度: 0
2025-02-09 16:00:31,943 - INFO - 入账总额: 0.03 ETH
2025-02-09 16:00:31,943 - INFO - 出账总额: 0.00 ETH
2025-02-09 16:00:31,943 - INFO - --------------------------------------------------------------------------------
2025-02-09 16:00:31,943 - INFO - 地址: 0x00900aF1...
2025-02-09 16:00:31,943 - INFO - 可疑度: 0.1782
2025-02-09 16:00:31,943 - INFO - 入度: 1, 出度: 0
2025-02-09 16:00:31,943 - INFO - 入账总额: 0.02 ETH
2025-02-09 16:00:31,943 - INFO - 出账总额: 0.00 ETH
2025-02-09 16:00:31,944 - INFO - --------------------------------------------------------------------------------
2025-02-09 16:00:31,944 - INFO - 地址: 0xCaF33E52...
2025-02-09 16:00:31,944 - INFO - 可疑度: 0.1782
2025-02-09 16:00:31,944 - INFO - 入度: 1, 出度: 0
2025-02-09 16:00:31,944 - INFO - 入账总额: 0.01 ETH
2025-02-09 16:00:31,944 - INFO - 出账总额: 0.00 ETH
2025-02-09 16:00:31,944 - INFO - --------------------------------------------------------------------------------
2025-02-09 16:00:31,944 - INFO - 地址: 0x7C1966A9...
2025-02-09 16:00:31,945 - INFO - 可疑度: 0.1782
2025-02-09 16:00:31,945 - INFO - 入度: 1, 出度: 0
2025-02-09 16:00:31,945 - INFO - 入账总额: 0.01 ETH
2025-02-09 16:00:31,945 - INFO - 出账总额: 0.00 ETH
2025-02-09 16:00:31,945 - INFO - --------------------------------------------------------------------------------
2025-02-09 16:00:31,945 - INFO - 地址: 0x93d4E14b...
2025-02-09 16:00:31,945 - INFO - 可疑度: 0.1782
2025-02-09 16:00:31,945 - INFO - 入度: 1, 出度: 0
2025-02-09 16:00:31,946 - INFO - 入账总额: 0.01 ETH
2025-02-09 16:00:31,946 - INFO - 出账总额: 0.00 ETH
2025-02-09 16:00:31,946 - INFO - --------------------------------------------------------------------------------
2025-02-09 16:00:31,946 - INFO - 地址: 0x866261fD...
2025-02-09 16:00:31,946 - INFO - 可疑度: 0.1782
2025-02-09 16:00:31,946 - INFO - 入度: 1, 出度: 0
2025-02-09 16:00:31,946 - INFO - 入账总额: 0.01 ETH
2025-02-09 16:00:31,947 - INFO - 出账总额: 0.00 ETH
2025-02-09 16:00:31,947 - INFO - --------------------------------------------------------------------------------
2025-02-09 16:00:31,947 - INFO - 地址: 0xC77e1aac...
2025-02-09 16:00:31,947 - INFO - 可疑度: 0.1782
2025-02-09 16:00:31,947 - INFO - 入度: 1, 出度: 0
2025-02-09 16:00:31,947 - INFO - 入账总额: 0.01 ETH
2025-02-09 16:00:31,947 - INFO - 出账总额: 0.00 ETH
2025-02-09 16:00:31,948 - INFO - --------------------------------------------------------------------------------
2025-02-09 16:00:31,949 - INFO - 地址: 0x87Ab2f42...
2025-02-09 16:00:31,949 - INFO - 可疑度: 0.1774
2025-02-09 16:00:31,949 - INFO - 入度: 0, 出度: 3
2025-02-09 16:00:31,950 - INFO - 入账总额: 0.00 ETH
2025-02-09 16:00:31,950 - INFO - 出账总额: 0.14 ETH
2025-02-09 16:00:31,950 - INFO - --------------------------------------------------------------------------------
2025-02-09 16:00:31,950 - INFO - 地址: 0x3a82Ae3e...
2025-02-09 16:00:31,951 - INFO - 可疑度: 0.1770
2025-02-09 16:00:31,951 - INFO - 入度: 1, 出度: 0
2025-02-09 16:00:31,951 - INFO - 入账总额: 0.00 ETH
2025-02-09 16:00:31,952 - INFO - 出账总额: 0.00 ETH
2025-02-09 16:00:31,952 - INFO - --------------------------------------------------------------------------------
2025-02-09 16:00:31,952 - INFO - 地址: 0xb7fEB056...
2025-02-09 16:00:31,952 - INFO - 可疑度: 0.1770
2025-02-09 16:00:31,952 - INFO - 入度: 1, 出度: 0
2025-02-09 16:00:31,953 - INFO - 入账总额: 0.00 ETH
2025-02-09 16:00:31,953 - INFO - 出账总额: 0.00 ETH
2025-02-09 16:00:31,953 - INFO - --------------------------------------------------------------------------------
2025-02-09 16:00:31,953 - INFO - 地址: 0x4F588797...
2025-02-09 16:00:31,953 - INFO - 可疑度: 0.1770
2025-02-09 16:00:31,954 - INFO - 入度: 1, 出度: 0
2025-02-09 16:00:31,954 - INFO - 入账总额: 0.00 ETH
2025-02-09 16:00:31,954 - INFO - 出账总额: 0.00 ETH
2025-02-09 16:00:31,954 - INFO - --------------------------------------------------------------------------------
2025-02-09 16:00:31,954 - INFO - 地址: 0xeA3a7066...
2025-02-09 16:00:31,955 - INFO - 可疑度: 0.1770
2025-02-09 16:00:31,955 - INFO - 入度: 1, 出度: 0
2025-02-09 16:00:31,955 - INFO - 入账总额: 0.00 ETH
2025-02-09 16:00:31,955 - INFO - 出账总额: 0.00 ETH
2025-02-09 16:00:31,955 - INFO - --------------------------------------------------------------------------------
2025-02-09 16:00:31,956 - INFO - 地址: 0x7724Eb97...
2025-02-09 16:00:31,956 - INFO - 可疑度: 0.1770
2025-02-09 16:00:31,956 - INFO - 入度: 1, 出度: 0
2025-02-09 16:00:31,956 - INFO - 入账总额: 0.00 ETH
2025-02-09 16:00:31,956 - INFO - 出账总额: 0.00 ETH
2025-02-09 16:00:31,957 - INFO - --------------------------------------------------------------------------------
2025-02-09 16:00:31,957 - INFO - 地址: 0x589dEDbD...
2025-02-09 16:00:31,957 - INFO - 可疑度: 0.1769
2025-02-09 16:00:31,957 - INFO - 入度: 1, 出度: 0
2025-02-09 16:00:31,958 - INFO - 入账总额: 0.00 ETH
2025-02-09 16:00:31,958 - INFO - 出账总额: 0.00 ETH
2025-02-09 16:00:31,958 - INFO - --------------------------------------------------------------------------------
2025-02-09 16:00:31,958 - INFO - 地址: 0xa59BA433...
2025-02-09 16:00:31,958 - INFO - 可疑度: 0.1769
2025-02-09 16:00:31,959 - INFO - 入度: 1, 出度: 0
2025-02-09 16:00:31,959 - INFO - 入账总额: 0.00 ETH
2025-02-09 16:00:31,959 - INFO - 出账总额: 0.00 ETH
2025-02-09 16:00:31,959 - INFO - --------------------------------------------------------------------------------
2025-02-09 16:00:31,959 - INFO - 地址: 0xc9ca319f...
2025-02-09 16:00:31,959 - INFO - 可疑度: 0.1769
2025-02-09 16:00:31,959 - INFO - 入度: 1, 出度: 0
2025-02-09 16:00:31,959 - INFO - 入账总额: 0.00 ETH
2025-02-09 16:00:31,959 - INFO - 出账总额: 0.00 ETH
2025-02-09 16:00:31,961 - INFO - --------------------------------------------------------------------------------
2025-02-09 16:00:31,961 - INFO - 地址: 0x5a54fe52...
2025-02-09 16:00:31,961 - INFO - 可疑度: 0.1769
2025-02-09 16:00:31,961 - INFO - 入度: 1, 出度: 0
2025-02-09 16:00:31,961 - INFO - 入账总额: 0.00 ETH
2025-02-09 16:00:31,961 - INFO - 出账总额: 0.00 ETH
2025-02-09 16:00:31,961 - INFO - --------------------------------------------------------------------------------
2025-02-09 16:00:31,961 - INFO - 地址: 0x8FafAE7D...
2025-02-09 16:00:31,961 - INFO - 可疑度: 0.1769
2025-02-09 16:00:31,961 - INFO - 入度: 1, 出度: 0
2025-02-09 16:00:31,963 - INFO - 入账总额: 0.00 ETH
2025-02-09 16:00:31,963 - INFO - 出账总额: 0.00 ETH
2025-02-09 16:00:31,963 - INFO - --------------------------------------------------------------------------------
2025-02-09 16:00:31,963 - INFO - 地址: 0x1f9090aa...
2025-02-09 16:00:31,963 - INFO - 可疑度: 0.1752
2025-02-09 16:00:31,963 - INFO - 入度: 0, 出度: 3
2025-02-09 16:00:31,963 - INFO - 入账总额: 0.00 ETH
2025-02-09 16:00:31,963 - INFO - 出账总额: 0.05 ETH
2025-02-09 16:00:31,963 - INFO - --------------------------------------------------------------------------------
2025-02-09 16:00:31,963 - INFO - 地址: 0x0C32131B...
2025-02-09 16:00:31,963 - INFO - 可疑度: 0.1741
2025-02-09 16:00:31,965 - INFO - 入度: 0, 出度: 3
2025-02-09 16:00:31,965 - INFO - 入账总额: 0.00 ETH
2025-02-09 16:00:31,966 - INFO - 出账总额: 0.00 ETH
2025-02-09 16:00:31,966 - INFO - --------------------------------------------------------------------------------
2025-02-09 16:00:31,966 - INFO - 地址: 0x5975B70e...
2025-02-09 16:00:31,966 - INFO - 可疑度: 0.1741
2025-02-09 16:00:31,967 - INFO - 入度: 0, 出度: 3
2025-02-09 16:00:31,967 - INFO - 入账总额: 0.00 ETH
2025-02-09 16:00:31,967 - INFO - 出账总额: 0.00 ETH
2025-02-09 16:00:31,967 - INFO - --------------------------------------------------------------------------------
2025-02-09 16:00:31,967 - INFO - 地址: 0x4080e313...
2025-02-09 16:00:31,968 - INFO - 可疑度: 0.1741
2025-02-09 16:00:31,968 - INFO - 入度: 0, 出度: 3
2025-02-09 16:00:31,969 - INFO - 入账总额: 0.00 ETH
2025-02-09 16:00:31,969 - INFO - 出账总额: 0.00 ETH
2025-02-09 16:00:31,969 - INFO - --------------------------------------------------------------------------------
2025-02-09 16:00:31,971 - INFO - 地址: 0xBBb47E77...
2025-02-09 16:00:31,971 - INFO - 可疑度: 0.1741
2025-02-09 16:00:31,971 - INFO - 入度: 0, 出度: 3
2025-02-09 16:00:31,971 - INFO - 入账总额: 0.00 ETH
2025-02-09 16:00:31,971 - INFO - 出账总额: 0.00 ETH
2025-02-09 16:00:31,971 - INFO - --------------------------------------------------------------------------------
2025-02-09 16:00:31,971 - INFO - 地址: 0x2B11cdB8...
2025-02-09 16:00:31,973 - INFO - 可疑度: 0.1741
2025-02-09 16:00:31,973 - INFO - 入度: 0, 出度: 3
2025-02-09 16:00:31,973 - INFO - 入账总额: 0.00 ETH
2025-02-09 16:00:31,975 - INFO - 出账总额: 0.00 ETH
2025-02-09 16:00:31,975 - INFO - --------------------------------------------------------------------------------
2025-02-09 16:00:31,975 - INFO - 地址: 0xe93685f3...
2025-02-09 16:00:31,975 - INFO - 可疑度: 0.1741
2025-02-09 16:00:31,975 - INFO - 入度: 0, 出度: 3
2025-02-09 16:00:31,975 - INFO - 入账总额: 0.00 ETH
2025-02-09 16:00:31,975 - INFO - 出账总额: 0.00 ETH
2025-02-09 16:00:31,975 - INFO - --------------------------------------------------------------------------------
2025-02-09 16:00:31,977 - INFO - 地址: 0xa67fe9Ac...
2025-02-09 16:00:31,977 - INFO - 可疑度: 0.1741
2025-02-09 16:00:31,977 - INFO - 入度: 0, 出度: 3
2025-02-09 16:00:31,977 - INFO - 入账总额: 0.00 ETH
2025-02-09 16:00:31,977 - INFO - 出账总额: 0.00 ETH
2025-02-09 16:00:31,977 - INFO - --------------------------------------------------------------------------------
2025-02-09 16:00:31,977 - INFO - 地址: 0xD4dCeEaa...
2025-02-09 16:00:31,977 - INFO - 可疑度: 0.1741
2025-02-09 16:00:31,977 - INFO - 入度: 0, 出度: 3
2025-02-09 16:00:31,978 - INFO - 入账总额: 0.00 ETH
2025-02-09 16:00:31,978 - INFO - 出账总额: 0.00 ETH
2025-02-09 16:00:31,978 - INFO - --------------------------------------------------------------------------------
2025-02-09 16:00:31,978 - INFO - 地址: 0xBf94F0AC...
2025-02-09 16:00:31,978 - INFO - 可疑度: 0.1739
2025-02-09 16:00:31,978 - INFO - 入度: 0, 出度: 3
2025-02-09 16:00:31,979 - INFO - 入账总额: 0.00 ETH
2025-02-09 16:00:31,979 - INFO - 出账总额: 3.76 ETH
2025-02-09 16:00:31,979 - INFO - --------------------------------------------------------------------------------
2025-02-09 16:00:31,979 - INFO - 地址: 0x7134f326...
2025-02-09 16:00:31,979 - INFO - 可疑度: 0.1720
2025-02-09 16:00:31,979 - INFO - 入度: 1, 出度: 0
2025-02-09 16:00:31,980 - INFO - 入账总额: 1.12 ETH
2025-02-09 16:00:31,980 - INFO - 出账总额: 0.00 ETH
2025-02-09 16:00:31,980 - INFO - --------------------------------------------------------------------------------
2025-02-09 16:00:31,980 - INFO - 地址: 0xE2271fD4...
2025-02-09 16:00:31,980 - INFO - 可疑度: 0.1683
2025-02-09 16:00:31,980 - INFO - 入度: 1, 出度: 1
2025-02-09 16:00:31,981 - INFO - 入账总额: 0.46 ETH
2025-02-09 16:00:31,981 - INFO - 出账总额: 0.46 ETH
2025-02-09 16:00:31,981 - INFO - --------------------------------------------------------------------------------
2025-02-09 16:00:31,981 - INFO - 地址: 0x9642b23E...
2025-02-09 16:00:31,981 - INFO - 可疑度: 0.1673
2025-02-09 16:00:31,981 - INFO - 入度: 0, 出度: 3
2025-02-09 16:00:31,982 - INFO - 入账总额: 0.00 ETH
2025-02-09 16:00:31,982 - INFO - 出账总额: 4.61 ETH
2025-02-09 16:00:31,982 - INFO - --------------------------------------------------------------------------------
2025-02-09 16:00:31,982 - INFO - 地址: 0xee03EA3e...
2025-02-09 16:00:31,982 - INFO - 可疑度: 0.1644
2025-02-09 16:00:31,983 - INFO - 入度: 1, 出度: 0
2025-02-09 16:00:31,983 - INFO - 入账总额: 0.07 ETH
2025-02-09 16:00:31,983 - INFO - 出账总额: 0.00 ETH
2025-02-09 16:00:31,983 - INFO - --------------------------------------------------------------------------------
2025-02-09 16:00:31,983 - INFO - 地址: 0x5d07d0bD...
2025-02-09 16:00:31,983 - INFO - 可疑度: 0.1643
2025-02-09 16:00:31,984 - INFO - 入度: 1, 出度: 0
2025-02-09 16:00:31,984 - INFO - 入账总额: 0.05 ETH
2025-02-09 16:00:31,984 - INFO - 出账总额: 0.00 ETH
2025-02-09 16:00:31,984 - INFO - --------------------------------------------------------------------------------
2025-02-09 16:00:31,984 - INFO - 地址: 0xffDf3e9F...
2025-02-09 16:00:31,985 - INFO - 可疑度: 0.1641
2025-02-09 16:00:31,985 - INFO - 入度: 1, 出度: 0
2025-02-09 16:00:31,985 - INFO - 入账总额: 0.01 ETH
2025-02-09 16:00:31,985 - INFO - 出账总额: 0.00 ETH
2025-02-09 16:00:31,986 - INFO - --------------------------------------------------------------------------------
2025-02-09 16:00:31,986 - INFO - 地址: 0x646f1c03...
2025-02-09 16:00:31,986 - INFO - 可疑度: 0.1639
2025-02-09 16:00:31,986 - INFO - 入度: 2, 出度: 1
2025-02-09 16:00:31,986 - INFO - 入账总额: 0.01 ETH
2025-02-09 16:00:31,987 - INFO - 出账总额: 0.01 ETH
2025-02-09 16:00:31,987 - INFO - --------------------------------------------------------------------------------
2025-02-09 16:00:31,987 - INFO - 地址: 0x5db3F072...
2025-02-09 16:00:31,987 - INFO - 可疑度: 0.1637
2025-02-09 16:00:31,987 - INFO - 入度: 1, 出度: 0
2025-02-09 16:00:31,988 - INFO - 入账总额: 0.27 ETH
2025-02-09 16:00:31,988 - INFO - 出账总额: 0.00 ETH
2025-02-09 16:00:31,988 - INFO - --------------------------------------------------------------------------------
2025-02-09 16:00:31,988 - INFO - 地址: 0xd0d52986...
2025-02-09 16:00:31,988 - INFO - 可疑度: 0.1630
2025-02-09 16:00:31,988 - INFO - 入度: 1, 出度: 0
2025-02-09 16:00:31,989 - INFO - 入账总额: 0.09 ETH
2025-02-09 16:00:31,989 - INFO - 出账总额: 0.00 ETH
2025-02-09 16:00:31,989 - INFO - --------------------------------------------------------------------------------
2025-02-09 16:00:31,989 - INFO - 地址: 0x1873aD56...
2025-02-09 16:00:31,990 - INFO - 可疑度: 0.1628
2025-02-09 16:00:31,990 - INFO - 入度: 1, 出度: 0
2025-02-09 16:00:31,990 - INFO - 入账总额: 0.05 ETH
2025-02-09 16:00:31,990 - INFO - 出账总额: 0.00 ETH
2025-02-09 16:00:31,992 - INFO - --------------------------------------------------------------------------------
2025-02-09 16:00:31,992 - INFO - 地址: 0xdB25cB51...
2025-02-09 16:00:31,992 - INFO - 可疑度: 0.1628
2025-02-09 16:00:31,992 - INFO - 入度: 1, 出度: 0
2025-02-09 16:00:31,992 - INFO - 入账总额: 0.30 ETH
2025-02-09 16:00:31,992 - INFO - 出账总额: 0.00 ETH
2025-02-09 16:00:31,992 - INFO - --------------------------------------------------------------------------------
2025-02-09 16:00:31,992 - INFO - 地址: 0xf819d9Cb...
2025-02-09 16:00:31,992 - INFO - 可疑度: 0.1626
2025-02-09 16:00:31,992 - INFO - 入度: 1, 出度: 0
2025-02-09 16:00:31,992 - INFO - 入账总额: 0.00 ETH
2025-02-09 16:00:31,994 - INFO - 出账总额: 0.00 ETH
2025-02-09 16:00:31,994 - INFO - --------------------------------------------------------------------------------
2025-02-09 16:00:31,994 - INFO - 地址: 0xC82dea7D...
2025-02-09 16:00:31,994 - INFO - 可疑度: 0.1615
2025-02-09 16:00:31,995 - INFO - 入度: 1, 出度: 0
2025-02-09 16:00:31,995 - INFO - 入账总额: 0.01 ETH
2025-02-09 16:00:31,995 - INFO - 出账总额: 0.00 ETH
2025-02-09 16:00:31,995 - INFO - --------------------------------------------------------------------------------
2025-02-09 16:00:31,995 - INFO - 地址: 0x57e114B6...
2025-02-09 16:00:31,995 - INFO - 可疑度: 0.1615
2025-02-09 16:00:31,996 - INFO - 入度: 1, 出度: 0
2025-02-09 16:00:31,996 - INFO - 入账总额: 0.00 ETH
2025-02-09 16:00:31,996 - INFO - 出账总额: 0.00 ETH
2025-02-09 16:00:31,996 - INFO - --------------------------------------------------------------------------------
2025-02-09 16:00:31,996 - INFO - 地址: 0x6aCb33eF...
2025-02-09 16:00:31,997 - INFO - 可疑度: 0.1615
2025-02-09 16:00:31,997 - INFO - 入度: 1, 出度: 0
2025-02-09 16:00:31,997 - INFO - 入账总额: 0.00 ETH
2025-02-09 16:00:31,997 - INFO - 出账总额: 0.00 ETH
2025-02-09 16:00:31,997 - INFO - --------------------------------------------------------------------------------
2025-02-09 16:00:31,997 - INFO - 地址: 0x3bA774BE...
2025-02-09 16:00:31,997 - INFO - 可疑度: 0.1603
2025-02-09 16:00:31,997 - INFO - 入度: 1, 出度: 1
2025-02-09 16:00:31,997 - INFO - 入账总额: 0.01 ETH
2025-02-09 16:00:31,999 - INFO - 出账总额: 0.00 ETH
2025-02-09 16:00:31,999 - INFO - --------------------------------------------------------------------------------
2025-02-09 16:00:31,999 - INFO - 地址: 0x6cC5F688...
2025-02-09 16:00:31,999 - INFO - 可疑度: 0.1600
2025-02-09 16:00:32,000 - INFO - 入度: 0, 出度: 25
2025-02-09 16:00:32,000 - INFO - 入账总额: 0.00 ETH
2025-02-09 16:00:32,000 - INFO - 出账总额: 0.00 ETH
2025-02-09 16:00:32,000 - INFO - --------------------------------------------------------------------------------
2025-02-09 16:00:32,000 - INFO - 地址: 0xccd0E92D...
2025-02-09 16:00:32,000 - INFO - 可疑度: 0.1583
2025-02-09 16:00:32,001 - INFO - 入度: 1, 出度: 0
2025-02-09 16:00:32,002 - INFO - 入账总额: 0.02 ETH
2025-02-09 16:00:32,002 - INFO - 出账总额: 0.00 ETH
2025-02-09 16:00:32,003 - INFO - --------------------------------------------------------------------------------
2025-02-09 16:00:32,003 - INFO - 地址: 0x8765ae2A...
2025-02-09 16:00:32,003 - INFO - 可疑度: 0.1583
2025-02-09 16:00:32,003 - INFO - 入度: 1, 出度: 0
2025-02-09 16:00:32,003 - INFO - 入账总额: 0.01 ETH
2025-02-09 16:00:32,004 - INFO - 出账总额: 0.00 ETH
2025-02-09 16:00:32,004 - INFO - --------------------------------------------------------------------------------
2025-02-09 16:00:32,004 - INFO - 地址: 0x39E4f140...
2025-02-09 16:00:32,004 - INFO - 可疑度: 0.1579
2025-02-09 16:00:32,004 - INFO - 入度: 1, 出度: 1
2025-02-09 16:00:32,005 - INFO - 入账总额: 0.00 ETH
2025-02-09 16:00:32,005 - INFO - 出账总额: 0.00 ETH
2025-02-09 16:00:32,005 - INFO - --------------------------------------------------------------------------------
2025-02-09 16:00:32,005 - INFO - 地址: 0xe70f0462...
2025-02-09 16:00:32,005 - INFO - 可疑度: 0.1579
2025-02-09 16:00:32,005 - INFO - 入度: 1, 出度: 2
2025-02-09 16:00:32,006 - INFO - 入账总额: 0.00 ETH
2025-02-09 16:00:32,006 - INFO - 出账总额: 0.00 ETH
2025-02-09 16:00:32,006 - INFO - --------------------------------------------------------------------------------
2025-02-09 16:00:32,008 - INFO - 地址: 0xd2C0bB5a...
2025-02-09 16:00:32,008 - INFO - 可疑度: 0.1576
2025-02-09 16:00:32,008 - INFO - 入度: 0, 出度: 2
2025-02-09 16:00:32,008 - INFO - 入账总额: 0.00 ETH
2025-02-09 16:00:32,009 - INFO - 出账总额: 1.25 ETH
2025-02-09 16:00:32,009 - INFO - --------------------------------------------------------------------------------
2025-02-09 16:00:32,009 - INFO - 地址: 0x362bc847...
2025-02-09 16:00:32,009 - INFO - 可疑度: 0.1575
2025-02-09 16:00:32,009 - INFO - 入度: 1, 出度: 0
2025-02-09 16:00:32,009 - INFO - 入账总额: 0.00 ETH
2025-02-09 16:00:32,010 - INFO - 出账总额: 0.00 ETH
2025-02-09 16:00:32,010 - INFO - --------------------------------------------------------------------------------
2025-02-09 16:00:32,010 - INFO - 地址: 0xc00e94Cb...
2025-02-09 16:00:32,010 - INFO - 可疑度: 0.1575
2025-02-09 16:00:32,010 - INFO - 入度: 1, 出度: 0
2025-02-09 16:00:32,010 - INFO - 入账总额: 0.00 ETH
2025-02-09 16:00:32,010 - INFO - 出账总额: 0.00 ETH
2025-02-09 16:00:32,010 - INFO - --------------------------------------------------------------------------------
2025-02-09 16:00:32,010 - INFO - 地址: 0x15392211...
2025-02-09 16:00:32,010 - INFO - 可疑度: 0.1575
2025-02-09 16:00:32,010 - INFO - 入度: 1, 出度: 0
2025-02-09 16:00:32,012 - INFO - 入账总额: 0.00 ETH
2025-02-09 16:00:32,012 - INFO - 出账总额: 0.00 ETH
2025-02-09 16:00:32,012 - INFO - --------------------------------------------------------------------------------
2025-02-09 16:00:32,013 - INFO - 地址: 0x419c4dB4...
2025-02-09 16:00:32,013 - INFO - 可疑度: 0.1575
2025-02-09 16:00:32,013 - INFO - 入度: 1, 出度: 0
2025-02-09 16:00:32,013 - INFO - 入账总额: 0.00 ETH
2025-02-09 16:00:32,013 - INFO - 出账总额: 0.00 ETH
2025-02-09 16:00:32,013 - INFO - --------------------------------------------------------------------------------
2025-02-09 16:00:32,013 - INFO - 地址: 0x9696f59E...
2025-02-09 16:00:32,015 - INFO - 可疑度: 0.1554
2025-02-09 16:00:32,015 - INFO - 入度: 0, 出度: 2
2025-02-09 16:00:32,015 - INFO - 入账总额: 0.00 ETH
2025-02-09 16:00:32,015 - INFO - 出账总额: 0.80 ETH
2025-02-09 16:00:32,015 - INFO - --------------------------------------------------------------------------------
2025-02-09 16:00:32,016 - INFO - 地址: 0x7D0CcAa3...
2025-02-09 16:00:32,016 - INFO - 可疑度: 0.1551
2025-02-09 16:00:32,016 - INFO - 入度: 3, 出度: 0
2025-02-09 16:00:32,016 - INFO - 入账总额: 0.41 ETH
2025-02-09 16:00:32,016 - INFO - 出账总额: 0.00 ETH
2025-02-09 16:00:32,017 - INFO - --------------------------------------------------------------------------------
2025-02-09 16:00:32,017 - INFO - 地址: 0x3A73249D...
2025-02-09 16:00:32,017 - INFO - 可疑度: 0.1542
2025-02-09 16:00:32,017 - INFO - 入度: 1, 出度: 0
2025-02-09 16:00:32,017 - INFO - 入账总额: 1.13 ETH
2025-02-09 16:00:32,017 - INFO - 出账总额: 0.00 ETH
2025-02-09 16:00:32,018 - INFO - --------------------------------------------------------------------------------
2025-02-09 16:00:32,018 - INFO - 地址: 0xA0c68C63...
2025-02-09 16:00:32,018 - INFO - 可疑度: 0.1525
2025-02-09 16:00:32,018 - INFO - 入度: 1, 出度: 0
2025-02-09 16:00:32,018 - INFO - 入账总额: 0.00 ETH
2025-02-09 16:00:32,019 - INFO - 出账总额: 0.00 ETH
2025-02-09 16:00:32,019 - INFO - --------------------------------------------------------------------------------
2025-02-09 16:00:32,019 - INFO - 地址: 0xBBd0D4d0...
2025-02-09 16:00:32,019 - INFO - 可疑度: 0.1510
2025-02-09 16:00:32,019 - INFO - 入度: 0, 出度: 2
2025-02-09 16:00:32,020 - INFO - 入账总额: 0.00 ETH
2025-02-09 16:00:32,020 - INFO - 出账总额: 0.46 ETH
2025-02-09 16:00:32,020 - INFO - --------------------------------------------------------------------------------
2025-02-09 16:00:32,020 - INFO - 地址: 0x352E30Ab...
2025-02-09 16:00:32,020 - INFO - 可疑度: 0.1502
2025-02-09 16:00:32,020 - INFO - 入度: 0, 出度: 2
2025-02-09 16:00:32,021 - INFO - 入账总额: 0.00 ETH
2025-02-09 16:00:32,021 - INFO - 出账总额: 0.40 ETH
2025-02-09 16:00:32,021 - INFO - --------------------------------------------------------------------------------
2025-02-09 16:00:32,021 - INFO - 地址: 0xc58Bb746...
2025-02-09 16:00:32,021 - INFO - 可疑度: 0.1497
2025-02-09 16:00:32,021 - INFO - 入度: 0, 出度: 2
2025-02-09 16:00:32,022 - INFO - 入账总额: 0.00 ETH
2025-02-09 16:00:32,022 - INFO - 出账总额: 0.37 ETH
2025-02-09 16:00:32,022 - INFO - --------------------------------------------------------------------------------
2025-02-09 16:00:32,022 - INFO - 地址: 0xe983fD17...
2025-02-09 16:00:32,022 - INFO - 可疑度: 0.1487
2025-02-09 16:00:32,022 - INFO - 入度: 0, 出度: 2
2025-02-09 16:00:32,022 - INFO - 入账总额: 0.00 ETH
2025-02-09 16:00:32,023 - INFO - 出账总额: 0.31 ETH
2025-02-09 16:00:32,023 - INFO - --------------------------------------------------------------------------------
2025-02-09 16:00:32,023 - INFO - 地址: 0x6c1E4e71...
2025-02-09 16:00:32,023 - INFO - 可疑度: 0.1484
2025-02-09 16:00:32,023 - INFO - 入度: 1, 出度: 0
2025-02-09 16:00:32,023 - INFO - 入账总额: 4.50 ETH
2025-02-09 16:00:32,023 - INFO - 出账总额: 0.00 ETH
2025-02-09 16:00:32,024 - INFO - --------------------------------------------------------------------------------
2025-02-09 16:00:32,024 - INFO - 地址: 0xd2674dA9...
2025-02-09 16:00:32,024 - INFO - 可疑度: 0.1476
2025-02-09 16:00:32,024 - INFO - 入度: 0, 出度: 2
2025-02-09 16:00:32,024 - INFO - 入账总额: 0.00 ETH
2025-02-09 16:00:32,024 - INFO - 出账总额: 0.25 ETH
2025-02-09 16:00:32,025 - INFO - --------------------------------------------------------------------------------
2025-02-09 16:00:32,025 - INFO - 地址: 0xB1a20960...
2025-02-09 16:00:32,025 - INFO - 可疑度: 0.1463
2025-02-09 16:00:32,025 - INFO - 入度: 1, 出度: 0
2025-02-09 16:00:32,025 - INFO - 入账总额: 0.01 ETH
2025-02-09 16:00:32,025 - INFO - 出账总额: 0.00 ETH
2025-02-09 16:00:32,026 - INFO - --------------------------------------------------------------------------------
2025-02-09 16:00:32,026 - INFO - 地址: 0xf385896d...
2025-02-09 16:00:32,026 - INFO - 可疑度: 0.1458
2025-02-09 16:00:32,026 - INFO - 入度: 1, 出度: 0
2025-02-09 16:00:32,026 - INFO - 入账总额: 0.07 ETH
2025-02-09 16:00:32,026 - INFO - 出账总额: 0.00 ETH
2025-02-09 16:00:32,026 - INFO - --------------------------------------------------------------------------------
2025-02-09 16:00:32,027 - INFO - 地址: 0xF012B99F...
2025-02-09 16:00:32,027 - INFO - 可疑度: 0.1458
2025-02-09 16:00:32,027 - INFO - 入度: 1, 出度: 0
2025-02-09 16:00:32,027 - INFO - 入账总额: 0.07 ETH
2025-02-09 16:00:32,027 - INFO - 出账总额: 0.00 ETH
2025-02-09 16:00:32,027 - INFO - --------------------------------------------------------------------------------
2025-02-09 16:00:32,027 - INFO - 地址: 0x9204CB47...
2025-02-09 16:00:32,028 - INFO - 可疑度: 0.1458
2025-02-09 16:00:32,028 - INFO - 入度: 1, 出度: 0
2025-02-09 16:00:32,029 - INFO - 入账总额: 0.05 ETH
2025-02-09 16:00:32,029 - INFO - 出账总额: 0.00 ETH
2025-02-09 16:00:32,029 - INFO - --------------------------------------------------------------------------------
2025-02-09 16:00:32,029 - INFO - 地址: 0x879C4331...
2025-02-09 16:00:32,029 - INFO - 可疑度: 0.1458
2025-02-09 16:00:32,030 - INFO - 入度: 1, 出度: 0
2025-02-09 16:00:32,030 - INFO - 入账总额: 0.05 ETH
2025-02-09 16:00:32,030 - INFO - 出账总额: 0.00 ETH
2025-02-09 16:00:32,030 - INFO - --------------------------------------------------------------------------------
2025-02-09 16:00:32,030 - INFO - 地址: 0x06435B9B...
2025-02-09 16:00:32,030 - INFO - 可疑度: 0.1458
2025-02-09 16:00:32,030 - INFO - 入度: 1, 出度: 0
2025-02-09 16:00:32,031 - INFO - 入账总额: 0.05 ETH
2025-02-09 16:00:32,031 - INFO - 出账总额: 0.00 ETH
2025-02-09 16:00:32,031 - INFO - --------------------------------------------------------------------------------
2025-02-09 16:00:32,031 - INFO - 地址: 0xa8E82BdE...
2025-02-09 16:00:32,031 - INFO - 可疑度: 0.1458
2025-02-09 16:00:32,031 - INFO - 入度: 1, 出度: 0
2025-02-09 16:00:32,031 - INFO - 入账总额: 0.05 ETH
2025-02-09 16:00:32,031 - INFO - 出账总额: 0.00 ETH
2025-02-09 16:00:32,032 - INFO - --------------------------------------------------------------------------------
2025-02-09 16:00:32,032 - INFO - 地址: 0xE9E3dFcC...
2025-02-09 16:00:32,032 - INFO - 可疑度: 0.1458
2025-02-09 16:00:32,032 - INFO - 入度: 1, 出度: 0
2025-02-09 16:00:32,032 - INFO - 入账总额: 0.05 ETH
2025-02-09 16:00:32,032 - INFO - 出账总额: 0.00 ETH
2025-02-09 16:00:32,032 - INFO - --------------------------------------------------------------------------------
2025-02-09 16:00:32,032 - INFO - 地址: 0xa8403777...
2025-02-09 16:00:32,034 - INFO - 可疑度: 0.1458
2025-02-09 16:00:32,034 - INFO - 入度: 1, 出度: 0
2025-02-09 16:00:32,034 - INFO - 入账总额: 0.05 ETH
2025-02-09 16:00:32,034 - INFO - 出账总额: 0.00 ETH
2025-02-09 16:00:32,035 - INFO - --------------------------------------------------------------------------------
2025-02-09 16:00:32,035 - INFO - 地址: 0x5D75f0df...
2025-02-09 16:00:32,035 - INFO - 可疑度: 0.1458
2025-02-09 16:00:32,035 - INFO - 入度: 1, 出度: 0
2025-02-09 16:00:32,035 - INFO - 入账总额: 0.05 ETH
2025-02-09 16:00:32,035 - INFO - 出账总额: 0.00 ETH
2025-02-09 16:00:32,035 - INFO - --------------------------------------------------------------------------------
2025-02-09 16:00:32,036 - INFO - 地址: 0xf23F90dF...
2025-02-09 16:00:32,036 - INFO - 可疑度: 0.1458
2025-02-09 16:00:32,036 - INFO - 入度: 1, 出度: 0
2025-02-09 16:00:32,036 - INFO - 入账总额: 0.05 ETH
2025-02-09 16:00:32,036 - INFO - 出账总额: 0.00 ETH
2025-02-09 16:00:32,036 - INFO - --------------------------------------------------------------------------------
2025-02-09 16:00:32,036 - INFO - 地址: 0x486741Cf...
2025-02-09 16:00:32,037 - INFO - 可疑度: 0.1458
2025-02-09 16:00:32,037 - INFO - 入度: 1, 出度: 0
2025-02-09 16:00:32,037 - INFO - 入账总额: 0.05 ETH
2025-02-09 16:00:32,037 - INFO - 出账总额: 0.00 ETH
2025-02-09 16:00:32,037 - INFO - --------------------------------------------------------------------------------
2025-02-09 16:00:32,037 - INFO - 地址: 0x5EB95E6D...
2025-02-09 16:00:32,037 - INFO - 可疑度: 0.1458
2025-02-09 16:00:32,038 - INFO - 入度: 1, 出度: 0
2025-02-09 16:00:32,038 - INFO - 入账总额: 0.05 ETH
2025-02-09 16:00:32,038 - INFO - 出账总额: 0.00 ETH
2025-02-09 16:00:32,038 - INFO - --------------------------------------------------------------------------------
2025-02-09 16:00:32,038 - INFO - 地址: 0xb5C5A9A1...
2025-02-09 16:00:32,038 - INFO - 可疑度: 0.1458
2025-02-09 16:00:32,038 - INFO - 入度: 1, 出度: 0
2025-02-09 16:00:32,039 - INFO - 入账总额: 0.04 ETH
2025-02-09 16:00:32,039 - INFO - 出账总额: 0.00 ETH
2025-02-09 16:00:32,039 - INFO - --------------------------------------------------------------------------------
2025-02-09 16:00:32,039 - INFO - 地址: 0x7aC2F146...
2025-02-09 16:00:32,039 - INFO - 可疑度: 0.1458
2025-02-09 16:00:32,039 - INFO - 入度: 1, 出度: 0
2025-02-09 16:00:32,039 - INFO - 入账总额: 0.04 ETH
2025-02-09 16:00:32,040 - INFO - 出账总额: 0.00 ETH
2025-02-09 16:00:32,040 - INFO - --------------------------------------------------------------------------------
2025-02-09 16:00:32,040 - INFO - 地址: 0x0fFB65D6...
2025-02-09 16:00:32,040 - INFO - 可疑度: 0.1457
2025-02-09 16:00:32,040 - INFO - 入度: 1, 出度: 0
2025-02-09 16:00:32,040 - INFO - 入账总额: 0.02 ETH
2025-02-09 16:00:32,040 - INFO - 出账总额: 0.00 ETH
2025-02-09 16:00:32,040 - INFO - --------------------------------------------------------------------------------
2025-02-09 16:00:32,041 - INFO - 地址: 0x6ae90b94...
2025-02-09 16:00:32,041 - INFO - 可疑度: 0.1457
2025-02-09 16:00:32,041 - INFO - 入度: 1, 出度: 0
2025-02-09 16:00:32,041 - INFO - 入账总额: 0.02 ETH
2025-02-09 16:00:32,041 - INFO - 出账总额: 0.00 ETH
2025-02-09 16:00:32,041 - INFO - --------------------------------------------------------------------------------
2025-02-09 16:00:32,041 - INFO - 地址: 0xd758b7aC...
2025-02-09 16:00:32,041 - INFO - 可疑度: 0.1457
2025-02-09 16:00:32,041 - INFO - 入度: 1, 出度: 0
2025-02-09 16:00:32,041 - INFO - 入账总额: 0.02 ETH
2025-02-09 16:00:32,042 - INFO - 出账总额: 0.00 ETH
2025-02-09 16:00:32,042 - INFO - --------------------------------------------------------------------------------
2025-02-09 16:00:32,042 - INFO - 地址: 0xccB30B3b...
2025-02-09 16:00:32,042 - INFO - 可疑度: 0.1457
2025-02-09 16:00:32,042 - INFO - 入度: 1, 出度: 0
2025-02-09 16:00:32,042 - INFO - 入账总额: 0.02 ETH
2025-02-09 16:00:32,042 - INFO - 出账总额: 0.00 ETH
2025-02-09 16:00:32,042 - INFO - --------------------------------------------------------------------------------
2025-02-09 16:00:32,043 - INFO - 地址: 0x8A1F7918...
2025-02-09 16:00:32,043 - INFO - 可疑度: 0.1457
2025-02-09 16:00:32,043 - INFO - 入度: 1, 出度: 0
2025-02-09 16:00:32,044 - INFO - 入账总额: 0.02 ETH
2025-02-09 16:00:32,044 - INFO - 出账总额: 0.00 ETH
2025-02-09 16:00:32,044 - INFO - --------------------------------------------------------------------------------
2025-02-09 16:00:32,044 - INFO - 地址: 0xe473015B...
2025-02-09 16:00:32,044 - INFO - 可疑度: 0.1456
2025-02-09 16:00:32,044 - INFO - 入度: 0, 出度: 2
2025-02-09 16:00:32,045 - INFO - 入账总额: 0.00 ETH
2025-02-09 16:00:32,045 - INFO - 出账总额: 0.14 ETH
2025-02-09 16:00:32,045 - INFO - --------------------------------------------------------------------------------
2025-02-09 16:00:32,045 - INFO - 地址: 0x4e73245c...
2025-02-09 16:00:32,045 - INFO - 可疑度: 0.1454
2025-02-09 16:00:32,045 - INFO - 入度: 1, 出度: 1
2025-02-09 16:00:32,045 - INFO - 入账总额: 0.05 ETH
2025-02-09 16:00:32,045 - INFO - 出账总额: 0.00 ETH
2025-02-09 16:00:32,045 - INFO - --------------------------------------------------------------------------------
2025-02-09 16:00:32,045 - INFO - 地址: 0xC525674A...
2025-02-09 16:00:32,047 - INFO - 可疑度: 0.1452
2025-02-09 16:00:32,047 - INFO - 入度: 1, 出度: 0
2025-02-09 16:00:32,047 - INFO - 入账总额: 0.15 ETH
2025-02-09 16:00:32,047 - INFO - 出账总额: 0.00 ETH
2025-02-09 16:00:32,047 - INFO - --------------------------------------------------------------------------------
2025-02-09 16:00:32,047 - INFO - 地址: 0x91D5271c...
2025-02-09 16:00:32,047 - INFO - 可疑度: 0.1449
2025-02-09 16:00:32,047 - INFO - 入度: 0, 出度: 2
2025-02-09 16:00:32,047 - INFO - 入账总额: 0.00 ETH
2025-02-09 16:00:32,048 - INFO - 出账总额: 0.10 ETH
2025-02-09 16:00:32,048 - INFO - --------------------------------------------------------------------------------
2025-02-09 16:00:32,048 - INFO - 地址: 0xCc22Bb2f...
2025-02-09 16:00:32,048 - INFO - 可疑度: 0.1445
2025-02-09 16:00:32,048 - INFO - 入度: 1, 出度: 0
2025-02-09 16:00:32,048 - INFO - 入账总额: 0.05 ETH
2025-02-09 16:00:32,048 - INFO - 出账总额: 0.00 ETH
2025-02-09 16:00:32,048 - INFO - --------------------------------------------------------------------------------
2025-02-09 16:00:32,048 - INFO - 地址: 0x3A703fEb...
2025-02-09 16:00:32,048 - INFO - 可疑度: 0.1444
2025-02-09 16:00:32,049 - INFO - 入度: 0, 出度: 2
2025-02-09 16:00:32,049 - INFO - 入账总额: 0.00 ETH
2025-02-09 16:00:32,049 - INFO - 出账总额: 0.07 ETH
2025-02-09 16:00:32,049 - INFO - --------------------------------------------------------------------------------
2025-02-09 16:00:32,049 - INFO - 地址: 0x4838B106...
2025-02-09 16:00:32,049 - INFO - 可疑度: 0.1443
2025-02-09 16:00:32,049 - INFO - 入度: 1, 出度: 4
2025-02-09 16:00:32,049 - INFO - 入账总额: 0.00 ETH
2025-02-09 16:00:32,049 - INFO - 出账总额: 0.04 ETH
2025-02-09 16:00:32,050 - INFO - --------------------------------------------------------------------------------
2025-02-09 16:00:32,050 - INFO - 地址: 0xFF49767f...
2025-02-09 16:00:32,050 - INFO - 可疑度: 0.1442
2025-02-09 16:00:32,050 - INFO - 入度: 0, 出度: 2
2025-02-09 16:00:32,050 - INFO - 入账总额: 0.00 ETH
2025-02-09 16:00:32,051 - INFO - 出账总额: 0.06 ETH
2025-02-09 16:00:32,051 - INFO - --------------------------------------------------------------------------------
2025-02-09 16:00:32,051 - INFO - 地址: 0x2f38deF9...
2025-02-09 16:00:32,051 - INFO - 可疑度: 0.1439
2025-02-09 16:00:32,051 - INFO - 入度: 0, 出度: 2
2025-02-09 16:00:32,051 - INFO - 入账总额: 0.00 ETH
2025-02-09 16:00:32,051 - INFO - 出账总额: 0.05 ETH
2025-02-09 16:00:32,051 - INFO - --------------------------------------------------------------------------------
2025-02-09 16:00:32,051 - INFO - 地址: 0x69Cbc31A...
2025-02-09 16:00:32,052 - INFO - 可疑度: 0.1437
2025-02-09 16:00:32,052 - INFO - 入度: 0, 出度: 2
2025-02-09 16:00:32,052 - INFO - 入账总额: 0.00 ETH
2025-02-09 16:00:32,052 - INFO - 出账总额: 0.03 ETH
2025-02-09 16:00:32,052 - INFO - --------------------------------------------------------------------------------
2025-02-09 16:00:32,052 - INFO - 地址: 0x5A755eD6...
2025-02-09 16:00:32,052 - INFO - 可疑度: 0.1437
2025-02-09 16:00:32,053 - INFO - 入度: 0, 出度: 2
2025-02-09 16:00:32,053 - INFO - 入账总额: 0.00 ETH
2025-02-09 16:00:32,053 - INFO - 出账总额: 0.03 ETH
2025-02-09 16:00:32,053 - INFO - --------------------------------------------------------------------------------
2025-02-09 16:00:32,053 - INFO - 地址: 0x81800ba3...
2025-02-09 16:00:32,054 - INFO - 可疑度: 0.1435
2025-02-09 16:00:32,054 - INFO - 入度: 0, 出度: 2
2025-02-09 16:00:32,054 - INFO - 入账总额: 0.00 ETH
2025-02-09 16:00:32,054 - INFO - 出账总额: 0.02 ETH
2025-02-09 16:00:32,054 - INFO - --------------------------------------------------------------------------------
2025-02-09 16:00:32,055 - INFO - 地址: 0x74dEc05E...
2025-02-09 16:00:32,055 - INFO - 可疑度: 0.1435
2025-02-09 16:00:32,055 - INFO - 入度: 0, 出度: 2
2025-02-09 16:00:32,055 - INFO - 入账总额: 0.00 ETH
2025-02-09 16:00:32,055 - INFO - 出账总额: 0.02 ETH
2025-02-09 16:00:32,056 - INFO - --------------------------------------------------------------------------------
2025-02-09 16:00:32,056 - INFO - 地址: 0x17889aCA...
2025-02-09 16:00:32,056 - INFO - 可疑度: 0.1434
2025-02-09 16:00:32,056 - INFO - 入度: 0, 出度: 2
2025-02-09 16:00:32,057 - INFO - 入账总额: 0.00 ETH
2025-02-09 16:00:32,057 - INFO - 出账总额: 0.02 ETH
2025-02-09 16:00:32,057 - INFO - --------------------------------------------------------------------------------
2025-02-09 16:00:32,057 - INFO - 地址: 0x623777Cc...
2025-02-09 16:00:32,058 - INFO - 可疑度: 0.1433
2025-02-09 16:00:32,058 - INFO - 入度: 0, 出度: 2
2025-02-09 16:00:32,058 - INFO - 入账总额: 0.00 ETH
2025-02-09 16:00:32,058 - INFO - 出账总额: 0.01 ETH
2025-02-09 16:00:32,058 - INFO - --------------------------------------------------------------------------------
2025-02-09 16:00:32,058 - INFO - 地址: 0xe8066920...
2025-02-09 16:00:32,059 - INFO - 可疑度: 0.1432
2025-02-09 16:00:32,059 - INFO - 入度: 0, 出度: 2
2025-02-09 16:00:32,059 - INFO - 入账总额: 0.00 ETH
2025-02-09 16:00:32,059 - INFO - 出账总额: 0.01 ETH
2025-02-09 16:00:32,060 - INFO - --------------------------------------------------------------------------------
2025-02-09 16:00:32,060 - INFO - 地址: 0x0cceeb92...
2025-02-09 16:00:32,060 - INFO - 可疑度: 0.1432
2025-02-09 16:00:32,061 - INFO - 入度: 0, 出度: 2
2025-02-09 16:00:32,061 - INFO - 入账总额: 0.00 ETH
2025-02-09 16:00:32,061 - INFO - 出账总额: 0.01 ETH
2025-02-09 16:00:32,061 - INFO - --------------------------------------------------------------------------------
2025-02-09 16:00:32,061 - INFO - 地址: 0x24D24Dd0...
2025-02-09 16:00:32,061 - INFO - 可疑度: 0.1432
2025-02-09 16:00:32,063 - INFO - 入度: 0, 出度: 2
2025-02-09 16:00:32,063 - INFO - 入账总额: 0.00 ETH
2025-02-09 16:00:32,063 - INFO - 出账总额: 0.01 ETH
2025-02-09 16:00:32,063 - INFO - --------------------------------------------------------------------------------
2025-02-09 16:00:32,063 - INFO - 地址: 0xF59d13A6...
2025-02-09 16:00:32,063 - INFO - 可疑度: 0.1432
2025-02-09 16:00:32,063 - INFO - 入度: 0, 出度: 2
2025-02-09 16:00:32,064 - INFO - 入账总额: 0.00 ETH
2025-02-09 16:00:32,064 - INFO - 出账总额: 0.00 ETH
2025-02-09 16:00:32,064 - INFO - --------------------------------------------------------------------------------
2025-02-09 16:00:32,064 - INFO - 地址: 0x03314385...
2025-02-09 16:00:32,064 - INFO - 可疑度: 0.1431
2025-02-09 16:00:32,064 - INFO - 入度: 0, 出度: 2
2025-02-09 16:00:32,065 - INFO - 入账总额: 0.00 ETH
2025-02-09 16:00:32,065 - INFO - 出账总额: 0.00 ETH
2025-02-09 16:00:32,065 - INFO - --------------------------------------------------------------------------------
2025-02-09 16:00:32,065 - INFO - 地址: 0xd27Cc247...
2025-02-09 16:00:32,065 - INFO - 可疑度: 0.1431
2025-02-09 16:00:32,065 - INFO - 入度: 0, 出度: 2
2025-02-09 16:00:32,066 - INFO - 入账总额: 0.00 ETH
2025-02-09 16:00:32,066 - INFO - 出账总额: 0.00 ETH
2025-02-09 16:00:32,066 - INFO - --------------------------------------------------------------------------------
2025-02-09 16:00:32,066 - INFO - 地址: 0x6d0Cf1F6...
2025-02-09 16:00:32,066 - INFO - 可疑度: 0.1431
2025-02-09 16:00:32,066 - INFO - 入度: 0, 出度: 2
2025-02-09 16:00:32,067 - INFO - 入账总额: 0.00 ETH
2025-02-09 16:00:32,067 - INFO - 出账总额: 0.00 ETH
2025-02-09 16:00:32,067 - INFO - --------------------------------------------------------------------------------
2025-02-09 16:00:32,067 - INFO - 地址: 0x01518574...
2025-02-09 16:00:32,067 - INFO - 可疑度: 0.1431
2025-02-09 16:00:32,067 - INFO - 入度: 0, 出度: 2
2025-02-09 16:00:32,067 - INFO - 入账总额: 0.00 ETH
2025-02-09 16:00:32,067 - INFO - 出账总额: 0.00 ETH
2025-02-09 16:00:32,068 - INFO - --------------------------------------------------------------------------------
2025-02-09 16:00:32,068 - INFO - 地址: 0x1069E637...
2025-02-09 16:00:32,068 - INFO - 可疑度: 0.1431
2025-02-09 16:00:32,068 - INFO - 入度: 0, 出度: 2
2025-02-09 16:00:32,068 - INFO - 入账总额: 0.00 ETH
2025-02-09 16:00:32,068 - INFO - 出账总额: 0.00 ETH
2025-02-09 16:00:32,068 - INFO - --------------------------------------------------------------------------------
2025-02-09 16:00:32,069 - INFO - 地址: 0xacca5Eb1...
2025-02-09 16:00:32,069 - INFO - 可疑度: 0.1431
2025-02-09 16:00:32,069 - INFO - 入度: 0, 出度: 2
2025-02-09 16:00:32,069 - INFO - 入账总额: 0.00 ETH
2025-02-09 16:00:32,069 - INFO - 出账总额: 0.00 ETH
2025-02-09 16:00:32,069 - INFO - --------------------------------------------------------------------------------
2025-02-09 16:00:32,069 - INFO - 地址: 0xD6d8666c...
2025-02-09 16:00:32,070 - INFO - 可疑度: 0.1431
2025-02-09 16:00:32,070 - INFO - 入度: 0, 出度: 2
2025-02-09 16:00:32,070 - INFO - 入账总额: 0.00 ETH
2025-02-09 16:00:32,070 - INFO - 出账总额: 0.00 ETH
2025-02-09 16:00:32,070 - INFO - --------------------------------------------------------------------------------
2025-02-09 16:00:32,070 - INFO - 地址: 0xc5aF884c...
2025-02-09 16:00:32,072 - INFO - 可疑度: 0.1431
2025-02-09 16:00:32,072 - INFO - 入度: 0, 出度: 2
2025-02-09 16:00:32,072 - INFO - 入账总额: 0.00 ETH
2025-02-09 16:00:32,072 - INFO - 出账总额: 0.00 ETH
2025-02-09 16:00:32,072 - INFO - --------------------------------------------------------------------------------
2025-02-09 16:00:32,072 - INFO - 地址: 0x5024A0eF...
2025-02-09 16:00:32,072 - INFO - 可疑度: 0.1431
2025-02-09 16:00:32,072 - INFO - 入度: 0, 出度: 2
2025-02-09 16:00:32,072 - INFO - 入账总额: 0.00 ETH
2025-02-09 16:00:32,072 - INFO - 出账总额: 0.00 ETH
2025-02-09 16:00:32,073 - INFO - --------------------------------------------------------------------------------
2025-02-09 16:00:32,073 - INFO - 地址: 0x222930C9...
2025-02-09 16:00:32,073 - INFO - 可疑度: 0.1431
2025-02-09 16:00:32,073 - INFO - 入度: 0, 出度: 2
2025-02-09 16:00:32,073 - INFO - 入账总额: 0.00 ETH
2025-02-09 16:00:32,073 - INFO - 出账总额: 0.00 ETH
2025-02-09 16:00:32,073 - INFO - --------------------------------------------------------------------------------
2025-02-09 16:00:32,074 - INFO - 地址: 0x89b9132F...
2025-02-09 16:00:32,074 - INFO - 可疑度: 0.1431
2025-02-09 16:00:32,074 - INFO - 入度: 0, 出度: 2
2025-02-09 16:00:32,074 - INFO - 入账总额: 0.00 ETH
2025-02-09 16:00:32,074 - INFO - 出账总额: 0.00 ETH
2025-02-09 16:00:32,074 - INFO - --------------------------------------------------------------------------------
